<?xml version="1.0" encoding="UTF-8"?>
<!-- Generated by org.testng.reporters.JUnitXMLReporter -->
<testsuite ignored="0" hostname="Sreeshma" failures="0" tests="3" name="Default test" time="58.686" errors="0" timestamp="2024-04-10T16:33:53 IST">
  <testcase classname="testcase.MyFirstTestCase" name="Login" time="0.819"/>
  <testcase classname="testcase.MyFirstTestCase" name="Login" time="1.3"/>
  <testcase classname="testcase.MyFirstTestCase" name="Login" time="1.142"/>
</testsuite> <!-- Default test -->
