<?xml version="1.0" encoding="UTF-8"?>
<testng-results ignored="0" total="3" passed="3" failed="0" skipped="0">
  <reporter-output>
  </reporter-output>
  <suite started-at="2024-04-10T16:32:54 IST" name="Default suite" finished-at="2024-04-10T16:33:53 IST" duration-ms="58686">
    <groups>
    </groups>
    <test started-at="2024-04-10T16:32:54 IST" name="Default test" finished-at="2024-04-10T16:33:53 IST" duration-ms="58686">
      <class name="testcase.MyFirstTestCase">
        <test-method is-config="true" signature="setUp()[pri:0, instance:testcase.MyFirstTestCase@298a5e20]" started-at="2024-04-10T16:32:54 IST" name="setUp" finished-at="2024-04-10T16:33:41 IST" duration-ms="47227" status="PASS">
          <reporter-output>
          </reporter-output>
        </test-method> <!-- setUp -->
        <test-method signature="Login(java.lang.String,java.lang.String)[pri:0, instance:testcase.MyFirstTestCase@298a5e20]" started-at="2024-04-10T16:33:41 IST" name="Login" data-provider="testdata" finished-at="2024-04-10T16:33:42 IST" duration-ms="819" status="PASS">
          <params>
            <param index="0">
              <value>
                <![CDATA[9096219600]]>
              </value>
            </param>
            <param index="1">
              <value>
                <![CDATA[000000]]>
              </value>
            </param>
          </params>
          <reporter-output>
          </reporter-output>
        </test-method> <!-- Login -->
        <test-method is-config="true" signature="tearDown()[pri:0, instance:testcase.MyFirstTestCase@298a5e20]" started-at="2024-04-10T16:33:42 IST" name="tearDown" finished-at="2024-04-10T16:33:42 IST" duration-ms="1" status="PASS">
          <reporter-output>
          </reporter-output>
        </test-method> <!-- tearDown -->
        <test-method is-config="true" signature="setUp()[pri:0, instance:testcase.MyFirstTestCase@298a5e20]" started-at="2024-04-10T16:33:42 IST" name="setUp" finished-at="2024-04-10T16:33:46 IST" duration-ms="4263" status="PASS">
          <reporter-output>
          </reporter-output>
        </test-method> <!-- setUp -->
        <test-method signature="Login(java.lang.String,java.lang.String)[pri:0, instance:testcase.MyFirstTestCase@298a5e20]" started-at="2024-04-10T16:33:46 IST" name="Login" data-provider="testdata" finished-at="2024-04-10T16:33:48 IST" duration-ms="1300" status="PASS">
          <params>
            <param index="0">
              <value>
                <![CDATA[9820806229]]>
              </value>
            </param>
            <param index="1">
              <value>
                <![CDATA[000000]]>
              </value>
            </param>
          </params>
          <reporter-output>
          </reporter-output>
        </test-method> <!-- Login -->
        <test-method is-config="true" signature="tearDown()[pri:0, instance:testcase.MyFirstTestCase@298a5e20]" started-at="2024-04-10T16:33:48 IST" name="tearDown" finished-at="2024-04-10T16:33:48 IST" duration-ms="2" status="PASS">
          <reporter-output>
          </reporter-output>
        </test-method> <!-- tearDown -->
        <test-method is-config="true" signature="setUp()[pri:0, instance:testcase.MyFirstTestCase@298a5e20]" started-at="2024-04-10T16:33:48 IST" name="setUp" finished-at="2024-04-10T16:33:52 IST" duration-ms="3861" status="PASS">
          <reporter-output>
          </reporter-output>
        </test-method> <!-- setUp -->
        <test-method signature="Login(java.lang.String,java.lang.String)[pri:0, instance:testcase.MyFirstTestCase@298a5e20]" started-at="2024-04-10T16:33:52 IST" name="Login" data-provider="testdata" finished-at="2024-04-10T16:33:53 IST" duration-ms="1142" status="PASS">
          <params>
            <param index="0">
              <value>
                <![CDATA[9595998326]]>
              </value>
            </param>
            <param index="1">
              <value>
                <![CDATA[123456]]>
              </value>
            </param>
          </params>
          <reporter-output>
          </reporter-output>
        </test-method> <!-- Login -->
        <test-method is-config="true" signature="tearDown()[pri:0, instance:testcase.MyFirstTestCase@298a5e20]" started-at="2024-04-10T16:33:53 IST" name="tearDown" finished-at="2024-04-10T16:33:53 IST" duration-ms="1" status="PASS">
          <reporter-output>
          </reporter-output>
        </test-method> <!-- tearDown -->
      </class> <!-- testcase.MyFirstTestCase -->
    </test> <!-- Default test -->
  </suite> <!-- Default suite -->
</testng-results>
