<?xml version="1.0" encoding="UTF-8"?>
<!-- Generated by org.testng.reporters.JUnitXMLReporter -->
<testsuite ignored="0" hostname="Sreeshma" failures="0" tests="3" name="Ecomm Login" time="18.495" errors="0" timestamp="2024-04-09T20:40:04 IST">
  <testcase classname="testcase.MyFirstTestCase" name="Login" time="0.698"/>
  <testcase classname="testcase.MyFirstTestCase" name="Login" time="0.829"/>
  <testcase classname="testcase.MyFirstTestCase" name="Login" time="1.288"/>
</testsuite> <!-- Ecomm Login -->
